-------------------------------------------------------------------------------
Test set: com.hackerrank.whc.controller.CoachControllerTest
-------------------------------------------------------------------------------
Tests run: 3, Failures: 2, Errors: 0, Skipped: 0, Time elapsed: 13.77 s <<< FAILURE! -- in com.hackerrank.whc.controller.CoachControllerTest
com.hackerrank.whc.controller.CoachControllerTest.testGetRecordsById -- Time elapsed: 0.347 s <<< FAILURE!
java.lang.AssertionError: Status expected:<200> but was:<201>
	at org.springframework.test.util.AssertionErrors.fail(AssertionErrors.java:59)
	at org.springframework.test.util.AssertionErrors.assertEquals(AssertionErrors.java:122)
	at org.springframework.test.web.servlet.result.StatusResultMatchers.lambda$matcher$9(StatusResultMatchers.java:637)
	at org.springframework.test.web.servlet.MockMvc$1.andExpect(MockMvc.java:214)
	at com.hackerrank.whc.controller.CoachControllerTest.testGetRecordsById(CoachControllerTest.java:79)
	at java.base/java.lang.reflect.Method.invoke(Method.java:578)
	at java.base/java.util.ArrayList.forEach(ArrayList.java:1511)
	at java.base/java.util.ArrayList.forEach(ArrayList.java:1511)

com.hackerrank.whc.controller.CoachControllerTest.testGetRecords -- Time elapsed: 0.024 s <<< FAILURE!
java.lang.AssertionError: Status expected:<200> but was:<201>
	at org.springframework.test.util.AssertionErrors.fail(AssertionErrors.java:59)
	at org.springframework.test.util.AssertionErrors.assertEquals(AssertionErrors.java:122)
	at org.springframework.test.web.servlet.result.StatusResultMatchers.lambda$matcher$9(StatusResultMatchers.java:637)
	at org.springframework.test.web.servlet.MockMvc$1.andExpect(MockMvc.java:214)
	at com.hackerrank.whc.controller.CoachControllerTest.testGetRecords(CoachControllerTest.java:66)
	at java.base/java.lang.reflect.Method.invoke(Method.java:578)
	at java.base/java.util.ArrayList.forEach(ArrayList.java:1511)
	at java.base/java.util.ArrayList.forEach(ArrayList.java:1511)

